<?xml version="1.0" encoding="UTF-8"?>
<!-- Generated by org.testng.reporters.JUnitReportReporter -->
<testsuite name="com.staging.tests.COOLStagingTest" tests="1" time="4.842" ignored="0" failures="0" timestamp="11 Sep 2017 12:14:29 GMT" skipped="0" hostname="IBM655-PC07ZFRS" errors="0">
  <testcase name="coolStagingTest" time="4.842" classname="com.staging.tests.COOLStagingTest"/>
</testsuite> <!-- com.staging.tests.COOLStagingTest -->
